CC
CD --> DETERMINER_OR_PRONOUN
DT --> DETERMINER_OR_PRONOUN
EX
FW
IN
JJ --> ADJECTIVE
JJR --> ADJECTIVE
JJS --> ADJECTIVE
JJSS --> ADJECTIVE
-LRB-
LS
MD --> VERBAUXMOD
NN --> NOUN
NNP --> NOUN
NNPS --> NOUN
NNS --> NOUN
NP --> NOUN
NPS --> NOUN
PDT
POS
PP --> DETERMINER_OR_PRONOUN
PRPR$ --> DETERMINER_OR_PRONOUN
PRP --> DETERMINER_OR_PRONOUN
PRP$ --> DETERMINER_OR_PRONOUN
RB --> ADVERB
RBR --> ADVERB
RBS --> ADVERB
RP
STAART
SYM
TO
UH
VBD --> VERB
VBG --> VERB
VBN --> VERB
VBP --> VERB
VB --> VERB
VBZ --> VERB
WDT
WP$
WP
WRB
::
,
$
-
-
-
(
.
#
)
-
