ABR
ADJ --> ADJECTIVE
ADV --> ADVERB
DET:ART --> DETERMINER_OR_PRONOUN
DET:POS --> DETERMINER_OR_PRONOUN
INT
KON
NAM --> NOUN
NOM --> NOUN
NUM --> DETERMINER_OR_PRONOUN
PRO --> DETERMINER_OR_PRONOUN
PRO:DEM --> DETERMINER_OR_PRONOUN
PRO:IND --> DETERMINER_OR_PRONOUN
PRO:PER
PRO:POS --> DETERMINER_OR_PRONOUN
PRO:REL
PRP
PRP:det
PUN
PUN:cit
SENT
SYM
VER:cond --> VERB
VER:futu --> VERB
VER:impe --> VERB
VER:impf --> VERB
VER:infi --> VERB
VER:pper --> VERB
VER:ppre --> VERB
VER:pres --> VERB
VER:simp --> VERB
VER:subi --> VERB
VER:subp --> VERB