ADJA --> ADJECTIVE
ADJD  --> ADJECTIVE 
ADV  --> ADVERB 
APPR
APPRART
APPO
APZR
ART --> DETERMINER_OR_PRONOUN
CARD --> DETERMINER_OR_PRONOUN
FM
ITJ
KOUI
KOUS
KON
KOKOM 
NN --> NOUN
NE --> NOUN
PDS --> DETERMINER_OR_PRONOUN
PDAT --> DETERMINER_OR_PRONOUN
PIS
PIAT --> DETERMINER_OR_PRONOUN
PIDAT --> DETERMINER_OR_PRONOUN
PPER
PPOSS
PPOSAT --> DETERMINER_OR_PRONOUN
PRELS
PRELAT
PRF
PWS
PWAT --> DETERMINER_OR_PRONOUN
PWAV
PAV
PTKZU
PTKNEG
PTKVZ
PTKANT
PTKA
TRUNC
VVFIN --> VERB
VVIMP --> VERB 
VVINF --> VERB 
VVIZU --> VERB 
VVPP --> VERB 
VAFIN --> VERB 
VAIMP --> VERBAUXMOD
VAINF --> VERBAUXMOD 
VAPP --> VERBAUXMOD 
VMFIN --> VERBAUXMOD
VMINF --> VERBAUXMOD 
VMPP --> VERBAUXMOD
XY
$,
$.
$(
